[debug] [2023-09-30T14:27:02.535Z] ----------------------------------------------------------------------
[debug] [2023-09-30T14:27:02.536Z] Command:       /usr/local/bin/node /usr/local/bin/firebase init
[debug] [2023-09-30T14:27:02.537Z] CLI Version:   12.6.0
[debug] [2023-09-30T14:27:02.537Z] Platform:      darwin
[debug] [2023-09-30T14:27:02.537Z] Node Version:  v18.18.0
[debug] [2023-09-30T14:27:02.538Z] Time:          Sat Sep 30 2023 22:27:02 GMT+0800 (Singapore Standard Time)
[debug] [2023-09-30T14:27:02.538Z] ----------------------------------------------------------------------
[debug] 
[debug] [2023-09-30T14:27:02.542Z] > command requires scopes: ["email","openid","https://www.googleapis.com/auth/cloudplatformprojects.readonly","https://www.googleapis.com/auth/firebase","https://www.googleapis.com/auth/cloud-platform"]
[debug] [2023-09-30T14:27:02.542Z] > authorizing via signed-in user (damienchungzc@gmail.com)
[info] 
     ######## #### ########  ######## ########     ###     ######  ########
     ##        ##  ##     ## ##       ##     ##  ##   ##  ##       ##
     ######    ##  ########  ######   ########  #########  ######  ######
     ##        ##  ##    ##  ##       ##     ## ##     ##       ## ##
     ##       #### ##     ## ######## ########  ##     ##  ######  ########

You're about to initialize a Firebase project in this directory:

  /Users/damienchung/Desktop/expense-tracker/expense-tracker

[info] 
=== Project Setup
[info] 
[info] First, let's associate this project directory with a Firebase project.
[info] You can create multiple project aliases by running firebase use --add, 
[info] but for now we'll just set up a default project.
[info] 
[debug] [2023-09-30T14:27:31.352Z] > refreshing access token with scopes: []
[debug] [2023-09-30T14:27:31.355Z] >>> [apiv2][query] POST https://www.googleapis.com/oauth2/v3/token [none]
[debug] [2023-09-30T14:27:31.355Z] >>> [apiv2][body] POST https://www.googleapis.com/oauth2/v3/token [omitted]
[debug] [2023-09-30T14:27:31.465Z] <<< [apiv2][status] POST https://www.googleapis.com/oauth2/v3/token 200
[debug] [2023-09-30T14:27:31.466Z] <<< [apiv2][body] POST https://www.googleapis.com/oauth2/v3/token [omitted]
[debug] [2023-09-30T14:27:31.476Z] >>> [apiv2][query] GET https://firebase.googleapis.com/v1beta1/projects pageSize=100
[debug] [2023-09-30T14:27:32.159Z] <<< [apiv2][status] GET https://firebase.googleapis.com/v1beta1/projects 200
[debug] [2023-09-30T14:27:32.160Z] <<< [apiv2][body] GET https://firebase.googleapis.com/v1beta1/projects [omitted]
[info] i  Using project expense-tracker-bba2c (expense-tracker) 
[info] 
=== Hosting Setup
[info] 
[info] Your public directory is the folder (relative to your project directory) that
[info] will contain Hosting assets to be uploaded with firebase deploy. If you
[info] have a build process for your assets, use your build's output directory.
[info] 
[info] ✔  Wrote public/404.html 
[debug] [2023-09-30T14:28:47.654Z] >>> [apiv2][query] GET https://www.gstatic.com/firebasejs/releases.json [none]
[debug] [2023-09-30T14:28:47.698Z] <<< [apiv2][status] GET https://www.gstatic.com/firebasejs/releases.json 200
[debug] [2023-09-30T14:28:47.699Z] <<< [apiv2][body] GET https://www.gstatic.com/firebasejs/releases.json {"current":{"version":"10.4.0","browserURL":"https://www.gstatic.com/firebasejs/10.4.0/firebase.js","packageURL":"https://www.gstatic.com/firebasejs/10.4.0/firebase.tgz"},"live":{"version":"10.4","browserURL":"https://www.gstatic.com/firebasejs/live/10.4/firebase.js","packageURL":"https://www.gstatic.com/firebasejs/live/10.4/firebase.tgz"},"components":{"analytics":"https://www.gstatic.com/firebasejs/10.4.0/firebase-analytics.js","app":"https://www.gstatic.com/firebasejs/10.4.0/firebase-app.js","app-check":"https://www.gstatic.com/firebasejs/10.4.0/firebase-app-check.js","auth":"https://www.gstatic.com/firebasejs/10.4.0/firebase-auth.js","auth/cordova":"https://www.gstatic.com/firebasejs/10.4.0/firebase-auth/cordova.js","functions":"https://www.gstatic.com/firebasejs/10.4.0/firebase-functions.js","firestore":"https://www.gstatic.com/firebasejs/10.4.0/firebase-firestore.js","firestore/lite":"https://www.gstatic.com/firebasejs/10.4.0/firebase-firestore/lite.js","installations":"https://www.gstatic.com/firebasejs/10.4.0/firebase-installations.js","storage":"https://www.gstatic.com/firebasejs/10.4.0/firebase-storage.js","performance":"https://www.gstatic.com/firebasejs/10.4.0/firebase-performance.js","remote-config":"https://www.gstatic.com/firebasejs/10.4.0/firebase-remote-config.js","messaging":"https://www.gstatic.com/firebasejs/10.4.0/firebase-messaging.js","messaging/sw":"https://www.gstatic.com/firebasejs/10.4.0/firebase-messaging/sw.js","database":"https://www.gstatic.com/firebasejs/10.4.0/firebase-database.js","firestore.memory":"https://www.gstatic.com/firebasejs/10.4.0/firebase-firestore.memory.js"}}
[info] i  Skipping write of public/index.html 
[info] 
[info] i  Didn't detect a .git folder. Assuming /Users/damienchung/Desktop/expense-tracker/expense-tracker is the project root. 
[info] i  Authorizing with GitHub to upload your service account to a GitHub repository's secrets store. 
[info] 
[info] Visit this URL on this device to log in:
[info] https://github.com/login/oauth/authorize?client_id=89cf50f02ac6aaed3484&state=996416971&redirect_uri=http%3A%2F%2Flocalhost%3A9005&scope=read%3Auser%20repo%20public_repo
[info] 
[info] Waiting for authentication...
[debug] [2023-09-30T14:29:55.258Z] >>> [apiv2][query] POST https://github.com/login/oauth/access_token [none]
[debug] [2023-09-30T14:29:55.259Z] >>> [apiv2][body] POST https://github.com/login/oauth/access_token [stream]
[debug] [2023-09-30T14:29:55.732Z] <<< [apiv2][status] POST https://github.com/login/oauth/access_token 200
[debug] [2023-09-30T14:29:55.732Z] <<< [apiv2][body] POST https://github.com/login/oauth/access_token {"access_token":"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","token_type":"bearer","scope":"read:user,repo"}
[debug] [2023-09-30T14:29:55.739Z] >>> [apiv2][query] GET https://api.github.com/user [none]
[debug] [2023-09-30T14:29:56.216Z] <<< [apiv2][status] GET https://api.github.com/user 200
[debug] [2023-09-30T14:29:56.217Z] <<< [apiv2][body] GET https://api.github.com/user {"login":"damienczc","id":87848190,"node_id":"MDQ6VXNlcjg3ODQ4MTkw","avatar_url":"https://avatars.githubusercontent.com/u/87848190?v=4","gravatar_id":"","url":"https://api.github.com/users/damienczc","html_url":"https://github.com/damienczc","followers_url":"https://api.github.com/users/damienczc/followers","following_url":"https://api.github.com/users/damienczc/following{/other_user}","gists_url":"https://api.github.com/users/damienczc/gists{/gist_id}","starred_url":"https://api.github.com/users/damienczc/starred{/owner}{/repo}","subscriptions_url":"https://api.github.com/users/damienczc/subscriptions","organizations_url":"https://api.github.com/users/damienczc/orgs","repos_url":"https://api.github.com/users/damienczc/repos","events_url":"https://api.github.com/users/damienczc/events{/privacy}","received_events_url":"https://api.github.com/users/damienczc/received_events","type":"User","site_admin":false,"name":"Damien C","company":null,"blog":"","location":null,"email":null,"hireable":null,"bio":"Hello how are you","twitter_username":null,"public_repos":6,"public_gists":0,"followers":1,"following":5,"created_at":"2021-07-23T06:23:03Z","updated_at":"2023-09-30T14:29:26Z","private_gists":0,"total_private_repos":0,"owned_private_repos":0,"disk_usage":5176,"collaborators":0,"two_factor_authentication":false,"plan":{"name":"free","space":976562499,"collaborators":0,"private_repos":10000}}
[info] 
[info] ✔  Success! Logged into GitHub as damienczc 
[info] 
